<?xml version="1.0" encoding="UTF-8"?>
<testng-results skipped="0" failed="0" total="1" passed="1">
  <reporter-output>
  </reporter-output>
  <suite name="Default suite" duration-ms="105" started-at="2014-07-07T17:40:16Z" finished-at="2014-07-07T17:40:16Z">
    <groups>
    </groups>
    <test name="Default test" duration-ms="105" started-at="2014-07-07T17:40:16Z" finished-at="2014-07-07T17:40:16Z">
      <class name="testng.NewTest">
        <test-method status="PASS" signature="f()[pri:0, instance:testng.NewTest@4364958d]" name="f" duration-ms="87" started-at="2014-07-07T10:40:16Z" finished-at="2014-07-07T10:40:16Z">
          <reporter-output>
          </reporter-output>
        </test-method> <!-- f -->
      </class> <!-- testng.NewTest -->
    </test> <!-- Default test -->
  </suite> <!-- Default suite -->
</testng-results>
